[2018-12-31 12:57:51] local.ERROR: Class 'Barryvdh\DomPDF\ServiceProvider' not found {"exception":"[object] (Symfony\\Component\\Debug\\Exception\\FatalThrowableError(code: 0): Class 'Barryvdh\\DomPDF\\ServiceProvider' not found at /home/vagrant/dad/projetoLocal/projeto/vendor/laravel/framework/src/Illuminate/Foundation/Application.php:636)
[stacktrace]
#0 /home/vagrant/dad/projetoLocal/projeto/vendor/laravel/framework/src/Illuminate/Foundation/Application.php(568): Illuminate\\Foundation\\Application->resolveProvider('Barryvdh\\\\DomPDF...')
#1 /home/vagrant/dad/projetoLocal/projeto/vendor/laravel/framework/src/Illuminate/Foundation/ProviderRepository.php(75): Illuminate\\Foundation\\Application->register('Barryvdh\\\\DomPDF...')
#2 /home/vagrant/dad/projetoLocal/projeto/vendor/laravel/framework/src/Illuminate/Foundation/Application.php(548): Illuminate\\Foundation\\ProviderRepository->load(Array)
#3 /home/vagrant/dad/projetoLocal/projeto/vendor/laravel/framework/src/Illuminate/Foundation/Bootstrap/RegisterProviders.php(17): Illuminate\\Foundation\\Application->registerConfiguredProviders()
#4 /home/vagrant/dad/projetoLocal/projeto/vendor/laravel/framework/src/Illuminate/Foundation/Application.php(206): Illuminate\\Foundation\\Bootstrap\\RegisterProviders->bootstrap(Object(Illuminate\\Foundation\\Application))
#5 /home/vagrant/dad/projetoLocal/projeto/vendor/laravel/framework/src/Illuminate/Foundation/Http/Kernel.php(162): Illuminate\\Foundation\\Application->bootstrapWith(Array)
#6 /home/vagrant/dad/projetoLocal/projeto/vendor/laravel/framework/src/Illuminate/Foundation/Http/Kernel.php(146): Illuminate\\Foundation\\Http\\Kernel->bootstrap()
#7 /home/vagrant/dad/projetoLocal/projeto/vendor/laravel/framework/src/Illuminate/Foundation/Http/Kernel.php(116): Illuminate\\Foundation\\Http\\Kernel->sendRequestThroughRouter(Object(Illuminate\\Http\\Request))
#8 /home/vagrant/dad/projetoLocal/projeto/public/index.php(55): Illuminate\\Foundation\\Http\\Kernel->handle(Object(Illuminate\\Http\\Request))
#9 {main}
"} 
[2018-12-31 13:04:16] local.ERROR: Class 'Barryvdh\DomPDF\ServiceProvider' not found {"exception":"[object] (Symfony\\Component\\Debug\\Exception\\FatalThrowableError(code: 0): Class 'Barryvdh\\DomPDF\\ServiceProvider' not found at /home/vagrant/dad/projetoLocal/projeto/vendor/laravel/framework/src/Illuminate/Foundation/Application.php:638)
[stacktrace]
#0 /home/vagrant/dad/projetoLocal/projeto/vendor/laravel/framework/src/Illuminate/Foundation/Application.php(570): Illuminate\\Foundation\\Application->resolveProvider('Barryvdh\\\\DomPDF...')
#1 /home/vagrant/dad/projetoLocal/projeto/vendor/laravel/framework/src/Illuminate/Foundation/ProviderRepository.php(75): Illuminate\\Foundation\\Application->register('Barryvdh\\\\DomPDF...')
#2 /home/vagrant/dad/projetoLocal/projeto/vendor/laravel/framework/src/Illuminate/Foundation/Application.php(550): Illuminate\\Foundation\\ProviderRepository->load(Array)
#3 /home/vagrant/dad/projetoLocal/projeto/vendor/laravel/framework/src/Illuminate/Foundation/Bootstrap/RegisterProviders.php(17): Illuminate\\Foundation\\Application->registerConfiguredProviders()
#4 /home/vagrant/dad/projetoLocal/projeto/vendor/laravel/framework/src/Illuminate/Foundation/Application.php(204): Illuminate\\Foundation\\Bootstrap\\RegisterProviders->bootstrap(Object(Illuminate\\Foundation\\Application))
#5 /home/vagrant/dad/projetoLocal/projeto/vendor/laravel/framework/src/Illuminate/Foundation/Http/Kernel.php(162): Illuminate\\Foundation\\Application->bootstrapWith(Array)
#6 /home/vagrant/dad/projetoLocal/projeto/vendor/laravel/framework/src/Illuminate/Foundation/Http/Kernel.php(146): Illuminate\\Foundation\\Http\\Kernel->bootstrap()
#7 /home/vagrant/dad/projetoLocal/projeto/vendor/laravel/framework/src/Illuminate/Foundation/Http/Kernel.php(116): Illuminate\\Foundation\\Http\\Kernel->sendRequestThroughRouter(Object(Illuminate\\Http\\Request))
#8 /home/vagrant/dad/projetoLocal/projeto/public/index.php(55): Illuminate\\Foundation\\Http\\Kernel->handle(Object(Illuminate\\Http\\Request))
#9 {main}
"} 
[2018-12-31 16:06:02] local.ERROR: SQLSTATE[HY000] [1049] Unknown database 'projeto' (SQL: select * from `items` where `items`.`deleted_at` is null) {"exception":"[object] (Illuminate\\Database\\QueryException(code: 1049): SQLSTATE[HY000] [1049] Unknown database 'projeto' (SQL: select * from `items` where `items`.`deleted_at` is null) at /home/vagrant/dad/projetoLocal/projeto/vendor/laravel/framework/src/Illuminate/Database/Connection.php:664, Doctrine\\DBAL\\Driver\\PDOException(code: 1049): SQLSTATE[HY000] [1049] Unknown database 'projeto' at /home/vagrant/dad/projetoLocal/projeto/vendor/doctrine/dbal/lib/Doctrine/DBAL/Driver/PDOConnection.php:31, PDOException(code: 1049): SQLSTATE[HY000] [1049] Unknown database 'projeto' at /home/vagrant/dad/projetoLocal/projeto/vendor/doctrine/dbal/lib/Doctrine/DBAL/Driver/PDOConnection.php:27)
[stacktrace]
#0 /home/vagrant/dad/projetoLocal/projeto/vendor/laravel/framework/src/Illuminate/Database/Connection.php(624): Illuminate\\Database\\Connection->runQueryCallback('select * from `...', Array, Object(Closure))
#1 /home/vagrant/dad/projetoLocal/projeto/vendor/laravel/framework/src/Illuminate/Database/Connection.php(333): Illuminate\\Database\\Connection->run('select * from `...', Array, Object(Closure))
#2 /home/vagrant/dad/projetoLocal/projeto/vendor/laravel/framework/src/Illuminate/Database/Query/Builder.php(2082): Illuminate\\Database\\Connection->select('select * from `...', Array, true)
#3 /home/vagrant/dad/projetoLocal/projeto/vendor/laravel/framework/src/Illuminate/Database/Query/Builder.php(2070): Illuminate\\Database\\Query\\Builder->runSelect()
#4 /home/vagrant/dad/projetoLocal/projeto/vendor/laravel/framework/src/Illuminate/Database/Query/Builder.php(2556): Illuminate\\Database\\Query\\Builder->Illuminate\\Database\\Query\\{closure}()
#5 /home/vagrant/dad/projetoLocal/projeto/vendor/laravel/framework/src/Illuminate/Database/Query/Builder.php(2071): Illuminate\\Database\\Query\\Builder->onceWithColumns(Array, Object(Closure))
#6 /home/vagrant/dad/projetoLocal/projeto/vendor/laravel/framework/src/Illuminate/Database/Eloquent/Builder.php(516): Illuminate\\Database\\Query\\Builder->get(Array)
#7 /home/vagrant/dad/projetoLocal/projeto/vendor/laravel/framework/src/Illuminate/Database/Eloquent/Builder.php(500): Illuminate\\Database\\Eloquent\\Builder->getModels(Array)
#8 /home/vagrant/dad/projetoLocal/projeto/vendor/laravel/framework/src/Illuminate/Database/Eloquent/Model.php(461): Illuminate\\Database\\Eloquent\\Builder->get(Array)
#9 /home/vagrant/dad/projetoLocal/projeto/app/Http/Controllers/ItemControllerAPI.php(16): Illuminate\\Database\\Eloquent\\Model::all()
#10 [internal function]: App\\Http\\Controllers\\ItemControllerAPI->index()
#11 /home/vagrant/dad/projetoLocal/projeto/vendor/laravel/framework/src/Illuminate/Routing/Controller.php(54): call_user_func_array(Array, Array)
#12 /home/vagrant/dad/projetoLocal/projeto/vendor/laravel/framework/src/Illuminate/Routing/ControllerDispatcher.php(45): Illuminate\\Routing\\Controller->callAction('index', Array)
#13 /home/vagrant/dad/projetoLocal/projeto/vendor/laravel/framework/src/Illuminate/Routing/Route.php(212): Illuminate\\Routing\\ControllerDispatcher->dispatch(Object(Illuminate\\Routing\\Route), Object(App\\Http\\Controllers\\ItemControllerAPI), 'index')
#14 /home/vagrant/dad/projetoLocal/projeto/vendor/laravel/framework/src/Illuminate/Routing/Route.php(169): Illuminate\\Routing\\Route->runController()
#15 /home/vagrant/dad/projetoLocal/projeto/vendor/laravel/framework/src/Illuminate/Routing/Router.php(682): Illuminate\\Routing\\Route->run()
#16 /home/vagrant/dad/projetoLocal/projeto/vendor/laravel/framework/src/Illuminate/Routing/Pipeline.php(30): Illuminate\\Routing\\Router->Illuminate\\Routing\\{closure}(Object(Illuminate\\Http\\Request))
#17 /home/vagrant/dad/projetoLocal/projeto/vendor/laravel/framework/src/Illuminate/Routing/Middleware/SubstituteBindings.php(41): Illuminate\\Routing\\Pipeline->Illuminate\\Routing\\{closure}(Object(Illuminate\\Http\\Request))
#18 /home/vagrant/dad/projetoLocal/projeto/vendor/laravel/framework/src/Illuminate/Pipeline/Pipeline.php(151): Illuminate\\Routing\\Middleware\\SubstituteBindings->handle(Object(Illuminate\\Http\\Request), Object(Closure))
#19 /home/vagrant/dad/projetoLocal/projeto/vendor/laravel/framework/src/Illuminate/Routing/Pipeline.php(53): Illuminate\\Pipeline\\Pipeline->Illuminate\\Pipeline\\{closure}(Object(Illuminate\\Http\\Request))
#20 /home/vagrant/dad/projetoLocal/projeto/vendor/laravel/framework/src/Illuminate/Routing/Middleware/ThrottleRequests.php(58): Illuminate\\Routing\\Pipeline->Illuminate\\Routing\\{closure}(Object(Illuminate\\Http\\Request))
#21 /home/vagrant/dad/projetoLocal/projeto/vendor/laravel/framework/src/Illuminate/Pipeline/Pipeline.php(151): Illuminate\\Routing\\Middleware\\ThrottleRequests->handle(Object(Illuminate\\Http\\Request), Object(Closure), 60, '1')
#22 /home/vagrant/dad/projetoLocal/projeto/vendor/laravel/framework/src/Illuminate/Routing/Pipeline.php(53): Illuminate\\Pipeline\\Pipeline->Illuminate\\Pipeline\\{closure}(Object(Illuminate\\Http\\Request))
#23 /home/vagrant/dad/projetoLocal/projeto/vendor/laravel/framework/src/Illuminate/Pipeline/Pipeline.php(104): Illuminate\\Routing\\Pipeline->Illuminate\\Routing\\{closure}(Object(Illuminate\\Http\\Request))
#24 /home/vagrant/dad/projetoLocal/projeto/vendor/laravel/framework/src/Illuminate/Routing/Router.php(684): Illuminate\\Pipeline\\Pipeline->then(Object(Closure))
#25 /home/vagrant/dad/projetoLocal/projeto/vendor/laravel/framework/src/Illuminate/Routing/Router.php(659): Illuminate\\Routing\\Router->runRouteWithinStack(Object(Illuminate\\Routing\\Route), Object(Illuminate\\Http\\Request))
#26 /home/vagrant/dad/projetoLocal/projeto/vendor/laravel/framework/src/Illuminate/Routing/Router.php(625): Illuminate\\Routing\\Router->runRoute(Object(Illuminate\\Http\\Request), Object(Illuminate\\Routing\\Route))
#27 /home/vagrant/dad/projetoLocal/projeto/vendor/laravel/framework/src/Illuminate/Routing/Router.php(614): Illuminate\\Routing\\Router->dispatchToRoute(Object(Illuminate\\Http\\Request))
#28 /home/vagrant/dad/projetoLocal/projeto/vendor/laravel/framework/src/Illuminate/Foundation/Http/Kernel.php(176): Illuminate\\Routing\\Router->dispatch(Object(Illuminate\\Http\\Request))
#29 /home/vagrant/dad/projetoLocal/projeto/vendor/laravel/framework/src/Illuminate/Routing/Pipeline.php(30): Illuminate\\Foundation\\Http\\Kernel->Illuminate\\Foundation\\Http\\{closure}(Object(Illuminate\\Http\\Request))
#30 /home/vagrant/dad/projetoLocal/projeto/vendor/fideloper/proxy/src/TrustProxies.php(57): Illuminate\\Routing\\Pipeline->Illuminate\\Routing\\{closure}(Object(Illuminate\\Http\\Request))
#31 /home/vagrant/dad/projetoLocal/projeto/vendor/laravel/framework/src/Illuminate/Pipeline/Pipeline.php(151): Fideloper\\Proxy\\TrustProxies->handle(Object(Illuminate\\Http\\Request), Object(Closure))
#32 /home/vagrant/dad/projetoLocal/projeto/vendor/laravel/framework/src/Illuminate/Routing/Pipeline.php(53): Illuminate\\Pipeline\\Pipeline->Illuminate\\Pipeline\\{closure}(Object(Illuminate\\Http\\Request))
#33 /home/vagrant/dad/projetoLocal/projeto/vendor/laravel/framework/src/Illuminate/Foundation/Http/Middleware/TransformsRequest.php(31): Illuminate\\Routing\\Pipeline->Illuminate\\Routing\\{closure}(Object(Illuminate\\Http\\Request))
#34 /home/vagrant/dad/projetoLocal/projeto/vendor/laravel/framework/src/Illuminate/Pipeline/Pipeline.php(151): Illuminate\\Foundation\\Http\\Middleware\\TransformsRequest->handle(Object(Illuminate\\Http\\Request), Object(Closure))
#35 /home/vagrant/dad/projetoLocal/projeto/vendor/laravel/framework/src/Illuminate/Routing/Pipeline.php(53): Illuminate\\Pipeline\\Pipeline->Illuminate\\Pipeline\\{closure}(Object(Illuminate\\Http\\Request))
#36 /home/vagrant/dad/projetoLocal/projeto/vendor/laravel/framework/src/Illuminate/Foundation/Http/Middleware/TransformsRequest.php(31): Illuminate\\Routing\\Pipeline->Illuminate\\Routing\\{closure}(Object(Illuminate\\Http\\Request))
#37 /home/vagrant/dad/projetoLocal/projeto/vendor/laravel/framework/src/Illuminate/Pipeline/Pipeline.php(151): Illuminate\\Foundation\\Http\\Middleware\\TransformsRequest->handle(Object(Illuminate\\Http\\Request), Object(Closure))
#38 /home/vagrant/dad/projetoLocal/projeto/vendor/laravel/framework/src/Illuminate/Routing/Pipeline.php(53): Illuminate\\Pipeline\\Pipeline->Illuminate\\Pipeline\\{closure}(Object(Illuminate\\Http\\Request))
#39 /home/vagrant/dad/projetoLocal/projeto/vendor/laravel/framework/src/Illuminate/Foundation/Http/Middleware/ValidatePostSize.php(27): Illuminate\\Routing\\Pipeline->Illuminate\\Routing\\{closure}(Object(Illuminate\\Http\\Request))
#40 /home/vagrant/dad/projetoLocal/projeto/vendor/laravel/framework/src/Illuminate/Pipeline/Pipeline.php(151): Illuminate\\Foundation\\Http\\Middleware\\ValidatePostSize->handle(Object(Illuminate\\Http\\Request), Object(Closure))
#41 /home/vagrant/dad/projetoLocal/projeto/vendor/laravel/framework/src/Illuminate/Routing/Pipeline.php(53): Illuminate\\Pipeline\\Pipeline->Illuminate\\Pipeline\\{closure}(Object(Illuminate\\Http\\Request))
#42 /home/vagrant/dad/projetoLocal/projeto/vendor/laravel/framework/src/Illuminate/Foundation/Http/Middleware/CheckForMaintenanceMode.php(62): Illuminate\\Routing\\Pipeline->Illuminate\\Routing\\{closure}(Object(Illuminate\\Http\\Request))
#43 /home/vagrant/dad/projetoLocal/projeto/vendor/laravel/framework/src/Illuminate/Pipeline/Pipeline.php(151): Illuminate\\Foundation\\Http\\Middleware\\CheckForMaintenanceMode->handle(Object(Illuminate\\Http\\Request), Object(Closure))
#44 /home/vagrant/dad/projetoLocal/projeto/vendor/laravel/framework/src/Illuminate/Routing/Pipeline.php(53): Illuminate\\Pipeline\\Pipeline->Illuminate\\Pipeline\\{closure}(Object(Illuminate\\Http\\Request))
#45 /home/vagrant/dad/projetoLocal/projeto/vendor/laravel/framework/src/Illuminate/Pipeline/Pipeline.php(104): Illuminate\\Routing\\Pipeline->Illuminate\\Routing\\{closure}(Object(Illuminate\\Http\\Request))
#46 /home/vagrant/dad/projetoLocal/projeto/vendor/laravel/framework/src/Illuminate/Foundation/Http/Kernel.php(151): Illuminate\\Pipeline\\Pipeline->then(Object(Closure))
#47 /home/vagrant/dad/projetoLocal/projeto/vendor/laravel/framework/src/Illuminate/Foundation/Http/Kernel.php(116): Illuminate\\Foundation\\Http\\Kernel->sendRequestThroughRouter(Object(Illuminate\\Http\\Request))
#48 /home/vagrant/dad/projetoLocal/projeto/public/index.php(55): Illuminate\\Foundation\\Http\\Kernel->handle(Object(Illuminate\\Http\\Request))
#49 {main}
"} 
